<?xml version="1.0" encoding="UTF-8"?>
<!-- Generated by org.testng.reporters.JUnitReportReporter -->
<testsuite hostname="user" failures="0" tests="9" name="tectNG.GroupingTest" time="2.072" errors="0" timestamp="2022-08-16T00:28:40 IST" skipped="0">
  <testcase classname="tectNG.GroupingTest" name="appleSE" time="0.005"/>
  <system-out/>
  <testcase classname="tectNG.GroupingTest" name="nokia2700" time="0.004"/>
  <system-out/>
  <testcase classname="tectNG.GroupingTest" name="htc760" time="0.006"/>
  <system-out/>
  <testcase classname="tectNG.GroupingTest" name="motoXplay" time="0.005"/>
  <system-out/>
  <testcase classname="tectNG.GroupingTest" name="apple7" time="0.030"/>
  <system-out/>
  <testcase classname="tectNG.GroupingTest" name="timeTest" time="2.011"/>
  <system-out/>
  <testcase classname="tectNG.GroupingTest" name="nokia1100" time="0.003"/>
  <system-out/>
  <testcase classname="tectNG.GroupingTest" name="motoG5" time="0.003"/>
  <system-out/>
  <testcase classname="tectNG.GroupingTest" name="htc820" time="0.005"/>
  <system-out/>
</testsuite> <!-- tectNG.GroupingTest -->
