<?xml version="1.0" encoding="UTF-8"?>
<!-- Generated by org.testng.reporters.JUnitReportReporter -->
<testsuite hostname="user" failures="0" tests="3" name="tectNG.dependsTesting" time="0.007" errors="0" timestamp="2022-07-26T22:13:33 IST" skipped="0">
  <testcase classname="tectNG.dependsTesting" name="sslc" time="0.002"/>
  <system-out/>
  <testcase classname="tectNG.dependsTesting" name="higherSecondary" time="0.002"/>
  <system-out/>
  <testcase classname="tectNG.dependsTesting" name="college" time="0.003"/>
  <system-out/>
</testsuite> <!-- tectNG.dependsTesting -->
