<?xml version="1.0" encoding="UTF-8"?>
<!-- Generated by org.testng.reporters.JUnitReportReporter -->
<testsuite hostname="user" failures="0" tests="5" name="tectNG.FirstTest" time="0.019" errors="0" timestamp="2022-07-26T22:13:33 IST" skipped="2">
  <testcase classname="tectNG.FirstTest" name="cycleTest1" time="0.014"/>
  <system-out/>
  <testcase classname="tectNG.FirstTest" name="bikeTest2" time="0.003"/>
  <system-out/>
  <testcase classname="tectNG.FirstTest" name="carTest3" time="0.002"/>
  <system-out/>
  <testcase classname="tectNG.FirstTest" name="trinTest3">
    <skipped/>
  </testcase> <!-- trinTest3 -->
  <system-out/>
  <testcase classname="tectNG.FirstTest" name="flightTest3">
    <skipped/>
  </testcase> <!-- flightTest3 -->
  <system-out/>
</testsuite> <!-- tectNG.FirstTest -->
