<?xml version="1.0" encoding="UTF-8"?>
<!-- Generated by org.testng.reporters.JUnitReportReporter -->
<testsuite hostname="user" failures="0" tests="3" name="org.reportModel.ExtentReportTesting" time="44.791" errors="0" timestamp="2022-08-06T21:48:29 IST" skipped="0">
  <testcase classname="org.reportModel.ExtentReportTesting" name="openFacebook" time="2.692"/>
  <system-out/>
  <testcase classname="org.reportModel.ExtentReportTesting" name="openFlipkart" time="20.412"/>
  <system-out/>
  <testcase classname="org.reportModel.ExtentReportTesting" name="openRedBus" time="21.687"/>
  <system-out/>
</testsuite> <!-- org.reportModel.ExtentReportTesting -->
